build/app/intermediates/manifest_merge_blame_file/debug/manifest-merger-blame-debug-report.txt
1<?xml version="1.0" encoding="utf-8"?>
2<manifest xmlns:android="http://schemas.android.com/apk/res/android"
3    package="com.example.Maintanence"
4    android:versionCode="1"
5    android:versionName="1.0.0" >
6
7    <uses-sdk
8        android:minSdkVersion="16"
9        android:targetSdkVersion="28" />
10    <!--
11         Flutter needs it to communicate with the running application
12         to allow setting breakpoints, to provide hot reload, etc.
13    -->
14    <uses-permission android:name="android.permission.INTERNET" />
14-->src\debug\AndroidManifest.xml:6:5-66
14-->src\debug\AndroidManifest.xml:6:22-64
15    <uses-permission android:name="android.permission.CAMERA" />
15-->[:qrscan] AndroidManifest.xml:7:5-65
15-->[:qrscan] AndroidManifest.xml:7:22-62
16    <uses-permission android:name="android.permission.VIBRATE" />
16-->[:qrscan] AndroidManifest.xml:8:5-66
16-->[:qrscan] AndroidManifest.xml:8:22-63
17    <uses-permission android:name="android.permission.FLASHLIGHT" />
17-->[:qrscan] AndroidManifest.xml:9:5-69
17-->[:qrscan] AndroidManifest.xml:9:22-66
18
19    <uses-feature android:name="android.hardware.camera" />
19-->[:qrscan] AndroidManifest.xml:11:5-60
19-->[:qrscan] AndroidManifest.xml:11:19-57
20    <uses-feature android:name="android.hardware.camera.autofocus" />
20-->[:qrscan] AndroidManifest.xml:12:5-70
20-->[:qrscan] AndroidManifest.xml:12:19-67
21
22    <uses-permission android:name="android.permission.WAKE_LOCK" />
22-->[:qrscan] AndroidManifest.xml:14:5-68
22-->[:qrscan] AndroidManifest.xml:14:22-65
23    <uses-permission android:name="android.permission.READ_EXTERNAL_STORAGE" />
23-->[:qrscan] AndroidManifest.xml:15:5-80
23-->[:qrscan] AndroidManifest.xml:15:22-77
24    <uses-permission android:name="android.permission.WRITE_EXTERNAL_STORAGE" />
24-->[:qrscan] AndroidManifest.xml:16:5-81
24-->[:qrscan] AndroidManifest.xml:16:22-78
25    <!--
26 io.flutter.app.FlutterApplication is an android.app.Application that
27         calls FlutterMain.startInitialization(this); in its onCreate method.
28         In most cases you can leave this as-is, but you if you want to provide
29         additional functionality it is fine to subclass or reimplement
30         FlutterApplication and put your custom class here.
31    -->
32    <application
32-->src\main\AndroidManifest.xml:8:5-29:19
33        android:name="io.flutter.app.FlutterApplication"
33-->src\main\AndroidManifest.xml:9:9-57
34        android:allowBackup="true"
34-->[:qrscan] AndroidManifest.xml:20:9-35
35        android:appComponentFactory="androidx.core.app.CoreComponentFactory"
35-->[androidx.core:core:1.1.0] AndroidManifest.xml:24:18-86
36        android:configChanges="orientation|keyboardHidden"
36-->[:qrscan] AndroidManifest.xml:21:9-59
37        android:debuggable="true"
38        android:icon="@mipmap/ic_launcher"
38-->src\main\AndroidManifest.xml:11:9-43
39        android:label="Maintanence"
39-->src\main\AndroidManifest.xml:10:9-36
40        android:screenOrientation="portrait"
40-->[:qrscan] AndroidManifest.xml:23:9-45
41        android:supportsRtl="true"
41-->[:qrscan] AndroidManifest.xml:24:9-35
42        android:theme="@style/Theme.AppCompat.NoActionBar"
42-->[:qrscan] AndroidManifest.xml:25:9-59
43        android:windowSoftInputMode="stateAlwaysHidden" >
43-->[:qrscan] AndroidManifest.xml:26:9-56
44        <activity
44-->src\main\AndroidManifest.xml:12:9-23:20
45            android:name="com.example.Maintanence.MainActivity"
45-->src\main\AndroidManifest.xml:13:13-41
46            android:configChanges="orientation|keyboardHidden|keyboard|screenSize|smallestScreenSize|locale|layoutDirection|fontScale|screenLayout|density|uiMode"
46-->src\main\AndroidManifest.xml:16:13-163
47            android:hardwareAccelerated="true"
47-->src\main\AndroidManifest.xml:17:13-47
48            android:launchMode="singleTop"
48-->src\main\AndroidManifest.xml:14:13-43
49            android:theme="@style/LaunchTheme"
49-->src\main\AndroidManifest.xml:15:13-47
50            android:windowSoftInputMode="adjustResize" >
50-->src\main\AndroidManifest.xml:18:13-55
51            <intent-filter>
51-->src\main\AndroidManifest.xml:19:13-22:29
52                <action android:name="android.intent.action.MAIN" />
52-->src\main\AndroidManifest.xml:20:17-68
52-->src\main\AndroidManifest.xml:20:25-66
53
54                <category android:name="android.intent.category.LAUNCHER" />
54-->src\main\AndroidManifest.xml:21:17-76
54-->src\main\AndroidManifest.xml:21:27-74
55            </intent-filter>
56        </activity>
57        <!--
58             Don't delete the meta-data below.
59             This is used by the Flutter tool to generate GeneratedPluginRegistrant.java
60        -->
61        <meta-data
61-->src\main\AndroidManifest.xml:26:9-28:33
62            android:name="flutterEmbedding"
62-->src\main\AndroidManifest.xml:27:13-44
63            android:value="2" />
63-->src\main\AndroidManifest.xml:28:13-30
64
65        <activity android:name="com.shinow.qrscan.SecondActivity" />
65-->[:qrscan] AndroidManifest.xml:27:9-69
65-->[:qrscan] AndroidManifest.xml:27:19-66
66        <activity
66-->[com.github.leyan95:android-zxingLibrary:0.1.2-PRE] AndroidManifest.xml:14:9-19:63
67            android:name="com.uuzuche.lib_zxing.activity.CaptureActivity"
67-->[com.github.leyan95:android-zxingLibrary:0.1.2-PRE] AndroidManifest.xml:15:13-74
68            android:configChanges="orientation|keyboardHidden"
68-->[com.github.leyan95:android-zxingLibrary:0.1.2-PRE] AndroidManifest.xml:16:13-63
69            android:screenOrientation="portrait"
69-->[com.github.leyan95:android-zxingLibrary:0.1.2-PRE] AndroidManifest.xml:17:13-49
70            android:theme="@style/Theme.AppCompat.NoActionBar"
70-->[com.github.leyan95:android-zxingLibrary:0.1.2-PRE] AndroidManifest.xml:18:13-63
71            android:windowSoftInputMode="stateAlwaysHidden" />
71-->[com.github.leyan95:android-zxingLibrary:0.1.2-PRE] AndroidManifest.xml:19:13-60
72
73        <provider
73-->[com.squareup.picasso:picasso:2.71828] AndroidManifest.xml:8:9-11:40
74            android:name="com.squareup.picasso.PicassoProvider"
74-->[com.squareup.picasso:picasso:2.71828] AndroidManifest.xml:9:13-64
75            android:authorities="com.example.Maintanence.com.squareup.picasso"
75-->[com.squareup.picasso:picasso:2.71828] AndroidManifest.xml:10:13-72
76            android:exported="false" />
76-->[com.squareup.picasso:picasso:2.71828] AndroidManifest.xml:11:13-37
77    </application>
78
79</manifest>